Watching for file changes with StatReloader
[23/Mar/2024 08:35:36] "GET /api/user/api/department/ HTTP/1.1" 200 58
[23/Mar/2024 08:35:36] "GET /api/patient/api/patient-count/ HTTP/1.1" 200 18
[23/Mar/2024 08:35:36] "GET /api/patient/api/doctors/ HTTP/1.1" 200 1729
[23/Mar/2024 08:35:36] "GET /api/patient/api/dashboard/?doctor_id=&department= HTTP/1.1" 200 221
[23/Mar/2024 08:35:36] "GET /api/patient/api/recent-appointment/ HTTP/1.1" 200 3694
[23/Mar/2024 08:35:36] "GET /api/patient/api/patient-count/ HTTP/1.1" 200 18
[23/Mar/2024 08:35:47] "GET /api/user/api/department/ HTTP/1.1" 200 58
[23/Mar/2024 08:35:47] "GET /api/user/api/qualification/ HTTP/1.1" 200 69
[23/Mar/2024 08:35:47] "GET /api/user/api/create/ HTTP/1.1" 200 2940
[23/Mar/2024 08:35:48] "GET /api/user/api/department/ HTTP/1.1" 200 58
[23/Mar/2024 08:35:55] "OPTIONS /api/user/api/department/ HTTP/1.1" 200 0
[23/Mar/2024 08:35:55] "POST /api/user/api/department/ HTTP/1.1" 201 22
[23/Mar/2024 08:35:55] "GET /api/user/api/department/ HTTP/1.1" 200 81
[23/Mar/2024 08:35:57] "GET /api/user/api/department/ HTTP/1.1" 200 81
[23/Mar/2024 08:35:59] "GET /api/user/api/qualification/ HTTP/1.1" 200 69
[23/Mar/2024 08:36:10] "OPTIONS /api/user/api/qualification/ HTTP/1.1" 200 0
[23/Mar/2024 08:36:10] "POST /api/user/api/qualification/ HTTP/1.1" 201 24
[23/Mar/2024 08:36:10] "GET /api/user/api/qualification/ HTTP/1.1" 200 94
[23/Mar/2024 08:36:12] "GET /api/patient/api/create/ HTTP/1.1" 200 3125
[23/Mar/2024 08:36:12] "GET /api/patient/api/doctors/ HTTP/1.1" 200 1729
[23/Mar/2024 08:36:14] "GET /api/patient/api/patient-details/21 HTTP/1.1" 200 853
[23/Mar/2024 08:36:18] "GET /api/patient/api/patient-count/ HTTP/1.1" 200 18
[23/Mar/2024 08:36:18] "GET /api/user/api/department/ HTTP/1.1" 200 81
[23/Mar/2024 08:36:18] "GET /api/patient/api/doctors/ HTTP/1.1" 200 1729
[23/Mar/2024 08:36:18] "GET /api/patient/api/dashboard/?doctor_id=&department= HTTP/1.1" 200 221
[23/Mar/2024 08:36:18] "GET /api/patient/api/recent-appointment/ HTTP/1.1" 200 3694
[23/Mar/2024 08:36:18] "GET /api/patient/api/patient-count/ HTTP/1.1" 200 18
[23/Mar/2024 08:36:20] "GET /api/patient/api/doctors/ HTTP/1.1" 200 1729
[23/Mar/2024 08:36:20] "GET /api/patient/api/create/ HTTP/1.1" 200 3125
[23/Mar/2024 08:36:29] "OPTIONS /api/user/api/logout/ HTTP/1.1" 200 0
[23/Mar/2024 08:36:29] "POST /api/user/api/logout/ HTTP/1.1" 200 37
[23/Mar/2024 08:36:35] "OPTIONS /api/user/api/login/ HTTP/1.1" 200 0
[23/Mar/2024 08:36:35] "POST /api/user/api/login/ HTTP/1.1" 200 49
[23/Mar/2024 08:36:35] "GET /api/patient/api/doctor/2/patients/?appointment_date=2024-03-23 HTTP/1.1" 200 1453
[23/Mar/2024 08:36:41] "GET /api/patient/api/patient-details/20 HTTP/1.1" 200 3882
[23/Mar/2024 08:36:46] "GET /api/patient/api/doctor/2/patients/?appointment_date=2024-03-23 HTTP/1.1" 200 1453
[23/Mar/2024 08:36:59] "POST /api/user/api/logout/ HTTP/1.1" 200 37
[23/Mar/2024 08:42:14] code 400, message Bad HTTP/0.9 request type ('\x16\x03\x01\x00{\x01\x00\x00w\x03\x03\x08\x87B\x84/nK£äÃ\x8e\x86À\x17\x83\x87´¹·\x026\x8eùTz-\x90EºÇT¸\x00\x00\x1aÀ/À+À\x11À\x07À\x13À')
[23/Mar/2024 08:42:14] You're accessing the development server over HTTPS, but it only supports HTTP.
